{"D:\\learning\\rs-school\\module03\\react-component\\src\\App.tsx": {"path":"D:\\learning\\rs-school\\module03\\react-component\\src\\App.tsx","statementMap":{"0":{"start":{"line":2,"column":0},"end":{"line":2,"column":44}},"1":{"start":{"line":3,"column":0},"end":{"line":3,"column":47}},"2":{"start":{"line":4,"column":0},"end":{"line":4,"column":46}},"3":{"start":{"line":6,"column":0},"end":{"line":6,"column":48}},"4":{"start":{"line":9,"column":34},"end":{"line":9,"column":65}},"5":{"start":{"line":10,"column":40},"end":{"line":10,"column":52}},"6":{"start":{"line":11,"column":19},"end":{"line":11,"column":32}},"7":{"start":{"line":13,"column":2},"end":{"line":20,"column":9}},"8":{"start":{"line":14,"column":4},"end":{"line":19,"column":null}},"9":{"start":{"line":15,"column":19},"end":{"line":17,"column":44}},"10":{"start":{"line":18,"column":6},"end":{"line":18,"column":40}},"11":{"start":{"line":22,"column":2},"end":{"line":28,"column":4}},"12":{"start":{"line":31,"column":0},"end":{"line":31,"column":19}}},"fnMap":{"0":{"name":"App","decl":{"start":{"line":8,"column":9},"end":{"line":8,"column":12}},"loc":{"start":{"line":8,"column":12},"end":{"line":29,"column":1}}},"1":{"name":"(anonymous_1)","decl":{"start":{"line":13,"column":12},"end":{"line":13,"column":15}},"loc":{"start":{"line":13,"column":17},"end":{"line":20,"column":3}}}},"branchMap":{"0":{"loc":{"start":{"line":14,"column":4},"end":{"line":19,"column":null}},"type":"if","locations":[{"start":{"line":14,"column":4},"end":{"line":19,"column":null}}]},"1":{"loc":{"start":{"line":15,"column":19},"end":{"line":17,"column":44}},"type":"cond-expr","locations":[{"start":{"line":16,"column":10},"end":{"line":16,"column":19}},{"start":{"line":17,"column":10},"end":{"line":17,"column":44}}]}},"s":{"0":1,"1":1,"2":1,"3":1,"4":0,"5":0,"6":0,"7":0,"8":0,"9":0,"10":0,"11":0,"12":1},"f":{"0":0,"1":0},"b":{"0":[0],"1":[0,0]}}
,"D:\\learning\\rs-school\\module03\\react-component\\src\\api\\local-storage.ts": {"path":"D:\\learning\\rs-school\\module03\\react-component\\src\\api\\local-storage.ts","statementMap":{"0":{"start":{"line":1,"column":28},"end":{"line":3,"column":1}},"1":{"start":{"line":2,"column":2},"end":{"line":2,"column":39}},"2":{"start":{"line":14,"column":9},"end":{"line":14,"column":28}},"3":{"start":{"line":5,"column":28},"end":{"line":12,"column":1}},"4":{"start":{"line":6,"column":2},"end":{"line":11,"column":null}},"5":{"start":{"line":7,"column":17},"end":{"line":7,"column":53}},"6":{"start":{"line":8,"column":4},"end":{"line":8,"column":16}},"7":{"start":{"line":10,"column":4},"end":{"line":10,"column":14}},"8":{"start":{"line":14,"column":30},"end":{"line":14,"column":49}}},"fnMap":{"0":{"name":"(anonymous_0)","decl":{"start":{"line":1,"column":28},"end":{"line":1,"column":29}},"loc":{"start":{"line":1,"column":63},"end":{"line":3,"column":1}}},"1":{"name":"(anonymous_1)","decl":{"start":{"line":5,"column":28},"end":{"line":5,"column":29}},"loc":{"start":{"line":5,"column":49},"end":{"line":12,"column":1}}}},"branchMap":{"0":{"loc":{"start":{"line":7,"column":17},"end":{"line":7,"column":53}},"type":"binary-expr","locations":[{"start":{"line":7,"column":17},"end":{"line":7,"column":47}},{"start":{"line":7,"column":51},"end":{"line":7,"column":53}}]}},"s":{"0":3,"1":1,"2":3,"3":3,"4":3,"5":3,"6":3,"7":0,"8":3},"f":{"0":1,"1":3},"b":{"0":[3,3]}}
,"D:\\learning\\rs-school\\module03\\react-component\\src\\api\\poke-api.ts": {"path":"D:\\learning\\rs-school\\module03\\react-component\\src\\api\\poke-api.ts","statementMap":{"0":{"start":{"line":1,"column":0},"end":{"line":1,"column":26}},"1":{"start":{"line":7,"column":2},"end":{"line":7,"column":null}},"2":{"start":{"line":8,"column":2},"end":{"line":8,"column":null}},"3":{"start":{"line":10,"column":4},"end":{"line":10,"column":46}},"4":{"start":{"line":11,"column":4},"end":{"line":11,"column":20}},"5":{"start":{"line":15,"column":21},"end":{"line":15,"column":73}},"6":{"start":{"line":16,"column":17},"end":{"line":16,"column":30}},"7":{"start":{"line":17,"column":19},"end":{"line":19,"column":null}},"8":{"start":{"line":19,"column":8},"end":{"line":19,"column":62}},"9":{"start":{"line":22,"column":4},"end":{"line":25,"column":6}},"10":{"start":{"line":37,"column":17},"end":{"line":37,"column":35}},"11":{"start":{"line":38,"column":15},"end":{"line":38,"column":27}},"12":{"start":{"line":39,"column":32},"end":{"line":39,"column":70}},"13":{"start":{"line":41,"column":4},"end":{"line":44,"column":6}},"14":{"start":{"line":56,"column":4},"end":{"line":69,"column":6}},"15":{"start":{"line":58,"column":31},"end":{"line":58,"column":66}},"16":{"start":{"line":60,"column":8},"end":{"line":67,"column":10}},"17":{"start":{"line":73,"column":21},"end":{"line":73,"column":70}},"18":{"start":{"line":74,"column":17},"end":{"line":74,"column":30}},"19":{"start":{"line":75,"column":4},"end":{"line":75,"column":37}},"20":{"start":{"line":86,"column":4},"end":{"line":102,"column":6}},"21":{"start":{"line":90,"column":44},"end":{"line":90,"column":64}},"22":{"start":{"line":106,"column":4},"end":{"line":106,"column":60}},"23":{"start":{"line":6,"column":0},"end":{"line":6,"column":21}}},"fnMap":{"0":{"name":"(anonymous_0)","decl":{"start":{"line":9,"column":2},"end":{"line":9,"column":null}},"loc":{"start":{"line":9,"column":2},"end":{"line":12,"column":3}}},"1":{"name":"(anonymous_1)","decl":{"start":{"line":14,"column":2},"end":{"line":14,"column":7}},"loc":{"start":{"line":14,"column":42},"end":{"line":26,"column":3}}},"2":{"name":"(anonymous_2)","decl":{"start":{"line":18,"column":6},"end":{"line":18,"column":7}},"loc":{"start":{"line":19,"column":8},"end":{"line":19,"column":62}}},"3":{"name":"(anonymous_3)","decl":{"start":{"line":28,"column":2},"end":{"line":28,"column":7}},"loc":{"start":{"line":36,"column":3},"end":{"line":45,"column":3}}},"4":{"name":"(anonymous_4)","decl":{"start":{"line":47,"column":2},"end":{"line":47,"column":7}},"loc":{"start":{"line":55,"column":3},"end":{"line":70,"column":3}}},"5":{"name":"(anonymous_5)","decl":{"start":{"line":57,"column":35},"end":{"line":57,"column":40}},"loc":{"start":{"line":57,"column":53},"end":{"line":68,"column":7}}},"6":{"name":"(anonymous_6)","decl":{"start":{"line":72,"column":2},"end":{"line":72,"column":7}},"loc":{"start":{"line":72,"column":31},"end":{"line":76,"column":3}}},"7":{"name":"(anonymous_7)","decl":{"start":{"line":78,"column":2},"end":{"line":78,"column":16}},"loc":{"start":{"line":85,"column":16},"end":{"line":103,"column":3}}},"8":{"name":"(anonymous_8)","decl":{"start":{"line":90,"column":31},"end":{"line":90,"column":32}},"loc":{"start":{"line":90,"column":44},"end":{"line":90,"column":64}}},"9":{"name":"(anonymous_9)","decl":{"start":{"line":105,"column":2},"end":{"line":105,"column":23}},"loc":{"start":{"line":105,"column":38},"end":{"line":107,"column":3}}}},"branchMap":{"0":{"loc":{"start":{"line":30,"column":4},"end":{"line":30,"column":20}},"type":"default-arg","locations":[{"start":{"line":30,"column":18},"end":{"line":30,"column":20}}]},"1":{"loc":{"start":{"line":31,"column":4},"end":{"line":31,"column":22}},"type":"default-arg","locations":[{"start":{"line":31,"column":12},"end":{"line":31,"column":22}}]},"2":{"loc":{"start":{"line":94,"column":15},"end":{"line":94,"column":67}},"type":"binary-expr","locations":[{"start":{"line":94,"column":15},"end":{"line":94,"column":36}},{"start":{"line":94,"column":40},"end":{"line":94,"column":59}},{"start":{"line":94,"column":63},"end":{"line":94,"column":67}}]},"3":{"loc":{"start":{"line":98,"column":15},"end":{"line":98,"column":65}},"type":"binary-expr","locations":[{"start":{"line":98,"column":15},"end":{"line":98,"column":35}},{"start":{"line":98,"column":39},"end":{"line":98,"column":57}},{"start":{"line":98,"column":61},"end":{"line":98,"column":65}}]}},"s":{"0":3,"1":5,"2":5,"3":5,"4":5,"5":3,"6":3,"7":3,"8":6,"9":3,"10":1,"11":1,"12":1,"13":1,"14":0,"15":0,"16":0,"17":1,"18":1,"19":1,"20":1,"21":2,"22":2,"23":3},"f":{"0":5,"1":3,"2":6,"3":1,"4":0,"5":0,"6":1,"7":1,"8":2,"9":2},"b":{"0":[0],"1":[0],"2":[1,0,0],"3":[1,1,0]}}
,"D:\\learning\\rs-school\\module03\\react-component\\src\\components\\loader\\index.tsx": {"path":"D:\\learning\\rs-school\\module03\\react-component\\src\\components\\loader\\index.tsx","statementMap":{"0":{"start":{"line":1,"column":0},"end":{"line":1,"column":30}},"1":{"start":{"line":3,"column":0},"end":{"line":3,"column":22}}},"fnMap":{},"branchMap":{},"s":{"0":2,"1":2},"f":{},"b":{}}
,"D:\\learning\\rs-school\\module03\\react-component\\src\\components\\loader\\loader.tsx": {"path":"D:\\learning\\rs-school\\module03\\react-component\\src\\components\\loader\\loader.tsx","statementMap":{"0":{"start":{"line":1,"column":15},"end":{"line":7,"column":1}},"1":{"start":{"line":2,"column":2},"end":{"line":6,"column":4}},"2":{"start":{"line":9,"column":0},"end":{"line":9,"column":22}}},"fnMap":{"0":{"name":"(anonymous_0)","decl":{"start":{"line":1,"column":15},"end":{"line":1,"column":18}},"loc":{"start":{"line":1,"column":20},"end":{"line":7,"column":1}}}},"branchMap":{},"s":{"0":2,"1":3,"2":2},"f":{"0":3},"b":{}}
,"D:\\learning\\rs-school\\module03\\react-component\\src\\components\\main-page\\index.tsx": {"path":"D:\\learning\\rs-school\\module03\\react-component\\src\\components\\main-page\\index.tsx","statementMap":{"0":{"start":{"line":1,"column":0},"end":{"line":1,"column":35}},"1":{"start":{"line":3,"column":0},"end":{"line":3,"column":24}}},"fnMap":{},"branchMap":{},"s":{"0":1,"1":1},"f":{},"b":{}}
,"D:\\learning\\rs-school\\module03\\react-component\\src\\components\\main-page\\main-page.tsx": {"path":"D:\\learning\\rs-school\\module03\\react-component\\src\\components\\main-page\\main-page.tsx","statementMap":{"0":{"start":{"line":2,"column":0},"end":{"line":2,"column":69}},"1":{"start":{"line":3,"column":0},"end":{"line":3,"column":59}},"2":{"start":{"line":4,"column":0},"end":{"line":4,"column":null}},"3":{"start":{"line":8,"column":0},"end":{"line":8,"column":41}},"4":{"start":{"line":9,"column":0},"end":{"line":9,"column":52}},"5":{"start":{"line":10,"column":0},"end":{"line":10,"column":31}},"6":{"start":{"line":11,"column":0},"end":{"line":11,"column":31}},"7":{"start":{"line":12,"column":0},"end":{"line":12,"column":46}},"8":{"start":{"line":13,"column":0},"end":{"line":13,"column":39}},"9":{"start":{"line":15,"column":17},"end":{"line":85,"column":1}},"10":{"start":{"line":16,"column":42},"end":{"line":16,"column":59}},"11":{"start":{"line":17,"column":55},"end":{"line":17,"column":74}},"12":{"start":{"line":18,"column":38},"end":{"line":18,"column":77}},"13":{"start":{"line":19,"column":26},"end":{"line":19,"column":65}},"14":{"start":{"line":20,"column":28},"end":{"line":20,"column":39}},"15":{"start":{"line":21,"column":36},"end":{"line":21,"column":51}},"16":{"start":{"line":22,"column":34},"end":{"line":22,"column":49}},"17":{"start":{"line":24,"column":2},"end":{"line":26,"column":26}},"18":{"start":{"line":25,"column":4},"end":{"line":25,"column":20}},"19":{"start":{"line":28,"column":21},"end":{"line":31,"column":3}},"20":{"start":{"line":29,"column":4},"end":{"line":29,"column":18}},"21":{"start":{"line":30,"column":4},"end":{"line":30,"column":44}},"22":{"start":{"line":33,"column":23},"end":{"line":37,"column":3}},"23":{"start":{"line":34,"column":4},"end":{"line":34,"column":46}},"24":{"start":{"line":35,"column":4},"end":{"line":35,"column":31}},"25":{"start":{"line":36,"column":4},"end":{"line":36,"column":18}},"26":{"start":{"line":39,"column":24},"end":{"line":42,"column":3}},"27":{"start":{"line":40,"column":23},"end":{"line":40,"column":41}},"28":{"start":{"line":41,"column":4},"end":{"line":41,"column":30}},"29":{"start":{"line":44,"column":24},"end":{"line":55,"column":3}},"30":{"start":{"line":45,"column":4},"end":{"line":45,"column":23}},"31":{"start":{"line":46,"column":24},"end":{"line":46,"column":37}},"32":{"start":{"line":47,"column":32},"end":{"line":50,"column":6}},"33":{"start":{"line":52,"column":4},"end":{"line":52,"column":20}},"34":{"start":{"line":53,"column":4},"end":{"line":53,"column":26}},"35":{"start":{"line":54,"column":4},"end":{"line":54,"column":24}},"36":{"start":{"line":57,"column":2},"end":{"line":59,"column":null}},"37":{"start":{"line":58,"column":4},"end":{"line":58,"column":39}},"38":{"start":{"line":61,"column":2},"end":{"line":84,"column":4}},"39":{"start":{"line":64,"column":56},"end":{"line":64,"column":73}},"40":{"start":{"line":87,"column":0},"end":{"line":87,"column":24}}},"fnMap":{"0":{"name":"(anonymous_0)","decl":{"start":{"line":15,"column":17},"end":{"line":15,"column":20}},"loc":{"start":{"line":15,"column":22},"end":{"line":85,"column":1}}},"1":{"name":"(anonymous_1)","decl":{"start":{"line":24,"column":12},"end":{"line":24,"column":15}},"loc":{"start":{"line":24,"column":17},"end":{"line":26,"column":3}}},"2":{"name":"(anonymous_2)","decl":{"start":{"line":28,"column":21},"end":{"line":28,"column":22}},"loc":{"start":{"line":28,"column":38},"end":{"line":31,"column":3}}},"3":{"name":"(anonymous_3)","decl":{"start":{"line":33,"column":23},"end":{"line":33,"column":26}},"loc":{"start":{"line":33,"column":28},"end":{"line":37,"column":3}}},"4":{"name":"(anonymous_4)","decl":{"start":{"line":39,"column":24},"end":{"line":39,"column":25}},"loc":{"start":{"line":39,"column":65},"end":{"line":42,"column":3}}},"5":{"name":"(anonymous_5)","decl":{"start":{"line":44,"column":24},"end":{"line":44,"column":29}},"loc":{"start":{"line":44,"column":35},"end":{"line":55,"column":3}}},"6":{"name":"(anonymous_6)","decl":{"start":{"line":64,"column":50},"end":{"line":64,"column":53}},"loc":{"start":{"line":64,"column":56},"end":{"line":64,"column":73}}}},"branchMap":{"0":{"loc":{"start":{"line":19,"column":35},"end":{"line":19,"column":64}},"type":"binary-expr","locations":[{"start":{"line":19,"column":35},"end":{"line":19,"column":59}},{"start":{"line":19,"column":63},"end":{"line":19,"column":64}}]},"1":{"loc":{"start":{"line":57,"column":2},"end":{"line":59,"column":null}},"type":"if","locations":[{"start":{"line":57,"column":2},"end":{"line":59,"column":null}}]},"2":{"loc":{"start":{"line":72,"column":9},"end":{"line":72,"column":51}},"type":"cond-expr","locations":[{"start":{"line":72,"column":21},"end":{"line":72,"column":31}},{"start":{"line":72,"column":34},"end":{"line":72,"column":51}}]}},"s":{"0":1,"1":1,"2":1,"3":1,"4":1,"5":1,"6":1,"7":1,"8":1,"9":1,"10":0,"11":0,"12":0,"13":0,"14":0,"15":0,"16":0,"17":0,"18":0,"19":0,"20":0,"21":0,"22":0,"23":0,"24":0,"25":0,"26":0,"27":0,"28":0,"29":0,"30":0,"31":0,"32":0,"33":0,"34":0,"35":0,"36":0,"37":0,"38":0,"39":0,"40":1},"f":{"0":0,"1":0,"2":0,"3":0,"4":0,"5":0,"6":0},"b":{"0":[0,0],"1":[0],"2":[0,0]}}
,"D:\\learning\\rs-school\\module03\\react-component\\src\\components\\not-found-page\\index.tsx": {"path":"D:\\learning\\rs-school\\module03\\react-component\\src\\components\\not-found-page\\index.tsx","statementMap":{"0":{"start":{"line":1,"column":0},"end":{"line":1,"column":44}},"1":{"start":{"line":3,"column":0},"end":{"line":3,"column":28}}},"fnMap":{},"branchMap":{},"s":{"0":1,"1":1},"f":{},"b":{}}
,"D:\\learning\\rs-school\\module03\\react-component\\src\\components\\not-found-page\\not-found-page.tsx": {"path":"D:\\learning\\rs-school\\module03\\react-component\\src\\components\\not-found-page\\not-found-page.tsx","statementMap":{"0":{"start":{"line":1,"column":0},"end":{"line":1,"column":40}},"1":{"start":{"line":3,"column":21},"end":{"line":10,"column":1}},"2":{"start":{"line":4,"column":2},"end":{"line":9,"column":4}},"3":{"start":{"line":12,"column":0},"end":{"line":12,"column":28}}},"fnMap":{"0":{"name":"(anonymous_0)","decl":{"start":{"line":3,"column":21},"end":{"line":3,"column":24}},"loc":{"start":{"line":3,"column":26},"end":{"line":10,"column":1}}}},"branchMap":{},"s":{"0":1,"1":1,"2":0,"3":1},"f":{"0":0},"b":{}}
,"D:\\learning\\rs-school\\module03\\react-component\\src\\components\\pagination\\index.tsx": {"path":"D:\\learning\\rs-school\\module03\\react-component\\src\\components\\pagination\\index.tsx","statementMap":{"0":{"start":{"line":1,"column":0},"end":{"line":1,"column":38}},"1":{"start":{"line":3,"column":0},"end":{"line":3,"column":26}}},"fnMap":{},"branchMap":{},"s":{"0":2,"1":2},"f":{},"b":{}}
,"D:\\learning\\rs-school\\module03\\react-component\\src\\components\\pagination\\pagination.tsx": {"path":"D:\\learning\\rs-school\\module03\\react-component\\src\\components\\pagination\\pagination.tsx","statementMap":{"0":{"start":{"line":1,"column":0},"end":{"line":1,"column":36}},"1":{"start":{"line":10,"column":19},"end":{"line":34,"column":1}},"2":{"start":{"line":11,"column":2},"end":{"line":13,"column":null}},"3":{"start":{"line":12,"column":4},"end":{"line":12,"column":16}},"4":{"start":{"line":15,"column":20},"end":{"line":15,"column":53}},"5":{"start":{"line":16,"column":22},"end":{"line":16,"column":63}},"6":{"start":{"line":18,"column":2},"end":{"line":33,"column":4}},"7":{"start":{"line":21,"column":8},"end":{"line":21,"column":null}},"8":{"start":{"line":26,"column":27},"end":{"line":26,"column":46}},"9":{"start":{"line":36,"column":0},"end":{"line":36,"column":26}}},"fnMap":{"0":{"name":"(anonymous_0)","decl":{"start":{"line":10,"column":19},"end":{"line":10,"column":20}},"loc":{"start":{"line":10,"column":78},"end":{"line":34,"column":1}}},"1":{"name":"(anonymous_1)","decl":{"start":{"line":20,"column":23},"end":{"line":20,"column":24}},"loc":{"start":{"line":21,"column":8},"end":{"line":21,"column":null}}},"2":{"name":"(anonymous_2)","decl":{"start":{"line":26,"column":21},"end":{"line":26,"column":24}},"loc":{"start":{"line":26,"column":27},"end":{"line":26,"column":46}}}},"branchMap":{"0":{"loc":{"start":{"line":11,"column":2},"end":{"line":13,"column":null}},"type":"if","locations":[{"start":{"line":11,"column":2},"end":{"line":13,"column":null}}]}},"s":{"0":2,"1":2,"2":3,"3":1,"4":2,"5":2,"6":2,"7":2,"8":1,"9":2},"f":{"0":3,"1":2,"2":1},"b":{"0":[1]}}
,"D:\\learning\\rs-school\\module03\\react-component\\src\\components\\pokemon-card\\index.tsx": {"path":"D:\\learning\\rs-school\\module03\\react-component\\src\\components\\pokemon-card\\index.tsx","statementMap":{"0":{"start":{"line":1,"column":0},"end":{"line":1,"column":41}},"1":{"start":{"line":3,"column":0},"end":{"line":3,"column":27}}},"fnMap":{},"branchMap":{},"s":{"0":2,"1":2},"f":{},"b":{}}
,"D:\\learning\\rs-school\\module03\\react-component\\src\\components\\pokemon-card\\pokemon-card.tsx": {"path":"D:\\learning\\rs-school\\module03\\react-component\\src\\components\\pokemon-card\\pokemon-card.tsx","statementMap":{"0":{"start":{"line":2,"column":0},"end":{"line":2,"column":44}},"1":{"start":{"line":3,"column":0},"end":{"line":3,"column":58}},"2":{"start":{"line":5,"column":0},"end":{"line":5,"column":41}},"3":{"start":{"line":6,"column":0},"end":{"line":6,"column":31}},"4":{"start":{"line":8,"column":20},"end":{"line":85,"column":1}},"5":{"start":{"line":9,"column":19},"end":{"line":9,"column":30}},"6":{"start":{"line":10,"column":32},"end":{"line":10,"column":66}},"7":{"start":{"line":11,"column":36},"end":{"line":11,"column":51}},"8":{"start":{"line":12,"column":19},"end":{"line":12,"column":32}},"9":{"start":{"line":14,"column":2},"end":{"line":16,"column":9}},"10":{"start":{"line":15,"column":4},"end":{"line":15,"column":19}},"11":{"start":{"line":18,"column":23},"end":{"line":32,"column":3}},"12":{"start":{"line":19,"column":4},"end":{"line":19,"column":23}},"13":{"start":{"line":20,"column":4},"end":{"line":30,"column":null}},"14":{"start":{"line":21,"column":25},"end":{"line":21,"column":38}},"15":{"start":{"line":22,"column":6},"end":{"line":29,"column":null}},"16":{"start":{"line":23,"column":31},"end":{"line":23,"column":64}},"17":{"start":{"line":24,"column":8},"end":{"line":24,"column":53}},"18":{"start":{"line":26,"column":8},"end":{"line":26,"column":24}},"19":{"start":{"line":28,"column":8},"end":{"line":28,"column":28}},"20":{"start":{"line":31,"column":4},"end":{"line":31,"column":24}},"21":{"start":{"line":34,"column":2},"end":{"line":84,"column":4}},"22":{"start":{"line":35,"column":57},"end":{"line":35,"column":69}},"23":{"start":{"line":36,"column":52},"end":{"line":36,"column":71}},"24":{"start":{"line":37,"column":56},"end":{"line":37,"column":68}},"25":{"start":{"line":47,"column":18},"end":{"line":47,"column":39}},"26":{"start":{"line":87,"column":0},"end":{"line":87,"column":27}}},"fnMap":{"0":{"name":"(anonymous_0)","decl":{"start":{"line":8,"column":20},"end":{"line":8,"column":23}},"loc":{"start":{"line":8,"column":25},"end":{"line":85,"column":1}}},"1":{"name":"(anonymous_1)","decl":{"start":{"line":14,"column":12},"end":{"line":14,"column":15}},"loc":{"start":{"line":14,"column":17},"end":{"line":16,"column":3}}},"2":{"name":"(anonymous_2)","decl":{"start":{"line":18,"column":23},"end":{"line":18,"column":28}},"loc":{"start":{"line":18,"column":34},"end":{"line":32,"column":3}}},"3":{"name":"(anonymous_3)","decl":{"start":{"line":35,"column":51},"end":{"line":35,"column":54}},"loc":{"start":{"line":35,"column":57},"end":{"line":35,"column":69}}},"4":{"name":"(anonymous_4)","decl":{"start":{"line":36,"column":45},"end":{"line":36,"column":46}},"loc":{"start":{"line":36,"column":52},"end":{"line":36,"column":71}}},"5":{"name":"(anonymous_5)","decl":{"start":{"line":37,"column":50},"end":{"line":37,"column":53}},"loc":{"start":{"line":37,"column":56},"end":{"line":37,"column":68}}},"6":{"name":"(anonymous_6)","decl":{"start":{"line":46,"column":35},"end":{"line":46,"column":36}},"loc":{"start":{"line":47,"column":18},"end":{"line":47,"column":39}}}},"branchMap":{"0":{"loc":{"start":{"line":20,"column":4},"end":{"line":30,"column":null}},"type":"if","locations":[{"start":{"line":20,"column":4},"end":{"line":30,"column":null}}]},"1":{"loc":{"start":{"line":24,"column":8},"end":{"line":24,"column":52}},"type":"binary-expr","locations":[{"start":{"line":24,"column":8},"end":{"line":24,"column":22}},{"start":{"line":24,"column":26},"end":{"line":24,"column":52}}]},"2":{"loc":{"start":{"line":40,"column":9},"end":{"line":40,"column":32}},"type":"binary-expr","locations":[{"start":{"line":40,"column":9},"end":{"line":40,"column":18}},{"start":{"line":40,"column":22},"end":{"line":40,"column":32}}]},"3":{"loc":{"start":{"line":41,"column":9},"end":{"line":80,"column":null}},"type":"binary-expr","locations":[{"start":{"line":41,"column":9},"end":{"line":41,"column":16}},{"start":{"line":42,"column":10},"end":{"line":79,"column":null}}]},"4":{"loc":{"start":{"line":48,"column":21},"end":{"line":57,"column":null}},"type":"cond-expr","locations":[{"start":{"line":49,"column":22},"end":{"line":52,"column":null}},{"start":{"line":55,"column":22},"end":{"line":56,"column":null}}]},"5":{"loc":{"start":{"line":76,"column":32},"end":{"line":76,"column":64}},"type":"cond-expr","locations":[{"start":{"line":76,"column":52},"end":{"line":76,"column":57}},{"start":{"line":76,"column":60},"end":{"line":76,"column":64}}]}},"s":{"0":2,"1":2,"2":2,"3":2,"4":2,"5":9,"6":9,"7":9,"8":9,"9":9,"10":3,"11":9,"12":3,"13":3,"14":3,"15":3,"16":3,"17":3,"18":0,"19":3,"20":3,"21":9,"22":0,"23":1,"24":1,"25":6,"26":2},"f":{"0":9,"1":3,"2":3,"3":0,"4":1,"5":1,"6":6},"b":{"0":[3],"1":[3,3],"2":[9,3],"3":[9,3],"4":[3,3],"5":[3,0]}}
,"D:\\learning\\rs-school\\module03\\react-component\\src\\components\\pokemons-table\\index.tsx": {"path":"D:\\learning\\rs-school\\module03\\react-component\\src\\components\\pokemons-table\\index.tsx","statementMap":{"0":{"start":{"line":1,"column":0},"end":{"line":1,"column":45}},"1":{"start":{"line":3,"column":0},"end":{"line":3,"column":29}}},"fnMap":{},"branchMap":{},"s":{"0":2,"1":2},"f":{},"b":{}}
,"D:\\learning\\rs-school\\module03\\react-component\\src\\components\\pokemons-table\\pokemons-table.tsx": {"path":"D:\\learning\\rs-school\\module03\\react-component\\src\\components\\pokemons-table\\pokemons-table.tsx","statementMap":{"0":{"start":{"line":1,"column":0},"end":{"line":1,"column":35}},"1":{"start":{"line":2,"column":0},"end":{"line":2,"column":52}},"2":{"start":{"line":3,"column":0},"end":{"line":3,"column":40}},"3":{"start":{"line":5,"column":22},"end":{"line":41,"column":1}},"4":{"start":{"line":6,"column":23},"end":{"line":6,"column":42}},"5":{"start":{"line":8,"column":2},"end":{"line":10,"column":null}},"6":{"start":{"line":9,"column":4},"end":{"line":9,"column":54}},"7":{"start":{"line":12,"column":2},"end":{"line":40,"column":4}},"8":{"start":{"line":22,"column":24},"end":{"line":22,"column":74}},"9":{"start":{"line":23,"column":10},"end":{"line":36,"column":12}},"10":{"start":{"line":43,"column":0},"end":{"line":43,"column":29}}},"fnMap":{"0":{"name":"(anonymous_0)","decl":{"start":{"line":5,"column":22},"end":{"line":5,"column":25}},"loc":{"start":{"line":5,"column":27},"end":{"line":41,"column":1}}},"1":{"name":"(anonymous_1)","decl":{"start":{"line":21,"column":22},"end":{"line":21,"column":23}},"loc":{"start":{"line":21,"column":34},"end":{"line":37,"column":9}}}},"branchMap":{"0":{"loc":{"start":{"line":8,"column":2},"end":{"line":10,"column":null}},"type":"if","locations":[{"start":{"line":8,"column":2},"end":{"line":10,"column":null}}]},"1":{"loc":{"start":{"line":22,"column":24},"end":{"line":22,"column":74}},"type":"cond-expr","locations":[{"start":{"line":22,"column":47},"end":{"line":22,"column":67}},{"start":{"line":22,"column":70},"end":{"line":22,"column":74}}]},"2":{"loc":{"start":{"line":26,"column":17},"end":{"line":29,"column":null}},"type":"cond-expr","locations":[{"start":{"line":27,"column":18},"end":{"line":27,"column":56}},{"start":{"line":29,"column":18},"end":{"line":29,"column":35}}]}},"s":{"0":2,"1":2,"2":2,"3":2,"4":4,"5":4,"6":1,"7":3,"8":3,"9":3,"10":2},"f":{"0":4,"1":3},"b":{"0":[1],"1":[0,3],"2":[0,3]}}
,"D:\\learning\\rs-school\\module03\\react-component\\src\\components\\search\\index.tsx": {"path":"D:\\learning\\rs-school\\module03\\react-component\\src\\components\\search\\index.tsx","statementMap":{"0":{"start":{"line":1,"column":0},"end":{"line":1,"column":30}},"1":{"start":{"line":3,"column":0},"end":{"line":3,"column":22}}},"fnMap":{},"branchMap":{},"s":{"0":2,"1":2},"f":{},"b":{}}
,"D:\\learning\\rs-school\\module03\\react-component\\src\\components\\search\\search.tsx": {"path":"D:\\learning\\rs-school\\module03\\react-component\\src\\components\\search\\search.tsx","statementMap":{"0":{"start":{"line":9,"column":15},"end":{"line":24,"column":1}},"1":{"start":{"line":10,"column":2},"end":{"line":23,"column":4}},"2":{"start":{"line":26,"column":0},"end":{"line":26,"column":22}}},"fnMap":{"0":{"name":"(anonymous_0)","decl":{"start":{"line":9,"column":15},"end":{"line":9,"column":16}},"loc":{"start":{"line":9,"column":70},"end":{"line":24,"column":1}}}},"branchMap":{},"s":{"0":2,"1":2,"2":2},"f":{"0":2},"b":{}}
,"D:\\learning\\rs-school\\module03\\react-component\\src\\context-api\\context.ts": {"path":"D:\\learning\\rs-school\\module03\\react-component\\src\\context-api\\context.ts","statementMap":{"0":{"start":{"line":1,"column":0},"end":{"line":1,"column":45}},"1":{"start":{"line":3,"column":0},"end":{"line":3,"column":59}},"2":{"start":{"line":12,"column":13},"end":{"line":17,"column":3}}},"fnMap":{"0":{"name":"(anonymous_0)","decl":{"start":{"line":14,"column":15},"end":{"line":14,"column":18}},"loc":{"start":{"line":14,"column":20},"end":{"line":14,"column":23}}},"1":{"name":"(anonymous_1)","decl":{"start":{"line":16,"column":18},"end":{"line":16,"column":21}},"loc":{"start":{"line":16,"column":23},"end":{"line":16,"column":26}}}},"branchMap":{},"s":{"0":2,"1":2,"2":2},"f":{"0":0,"1":0},"b":{}}
,"D:\\learning\\rs-school\\module03\\react-component\\src\\router\\index.tsx": {"path":"D:\\learning\\rs-school\\module03\\react-component\\src\\router\\index.tsx","statementMap":{"0":{"start":{"line":1,"column":0},"end":{"line":1,"column":55}},"1":{"start":{"line":2,"column":0},"end":{"line":2,"column":34}},"2":{"start":{"line":4,"column":15},"end":{"line":4,"column":42}},"3":{"start":{"line":6,"column":0},"end":{"line":6,"column":22}}},"fnMap":{},"branchMap":{},"s":{"0":1,"1":1,"2":1,"3":1},"f":{},"b":{}}
,"D:\\learning\\rs-school\\module03\\react-component\\src\\router\\routes.tsx": {"path":"D:\\learning\\rs-school\\module03\\react-component\\src\\router\\routes.tsx","statementMap":{"0":{"start":{"line":1,"column":0},"end":{"line":1,"column":53}},"1":{"start":{"line":2,"column":0},"end":{"line":2,"column":25}},"2":{"start":{"line":3,"column":0},"end":{"line":3,"column":53}},"3":{"start":{"line":4,"column":0},"end":{"line":4,"column":56}},"4":{"start":{"line":6,"column":13},"end":{"line":29,"column":2}}},"fnMap":{},"branchMap":{},"s":{"0":1,"1":1,"2":1,"3":1,"4":1},"f":{},"b":{}}
}
