TN:
SF:src\api\local-storage.ts
FN:1,(anonymous_0)
FN:5,(anonymous_1)
FNF:2
FNH:1
FNDA:0,(anonymous_0)
FNDA:1,(anonymous_1)
DA:1,1
DA:2,0
DA:5,1
DA:6,1
DA:7,1
DA:8,1
DA:10,0
DA:14,1
LF:8
LH:6
BRDA:7,0,0,1
BRDA:7,0,1,1
BRF:2
BRH:2
end_of_record
TN:
SF:src\components\pokemons-table\index.tsx
FNF:0
FNH:0
DA:1,1
DA:3,1
LF:2
LH:2
BRF:0
BRH:0
end_of_record
TN:
SF:src\components\pokemons-table\pokemons-table.tsx
FN:5,(anonymous_0)
FN:21,(anonymous_1)
FNF:2
FNH:2
FNDA:4,(anonymous_0)
FNDA:4,(anonymous_1)
DA:1,1
DA:2,1
DA:3,1
DA:5,1
DA:6,4
DA:8,3
DA:9,1
DA:12,2
DA:22,4
DA:23,4
DA:43,1
LF:11
LH:11
BRDA:8,0,0,1
BRDA:26,1,0,4
BRDA:26,1,1,0
BRF:3
BRH:2
end_of_record
TN:
SF:src\context-api\context.ts
FN:14,(anonymous_0)
FN:16,(anonymous_1)
FNF:2
FNH:0
FNDA:0,(anonymous_0)
FNDA:0,(anonymous_1)
DA:1,1
DA:3,1
DA:12,1
LF:3
LH:3
BRF:0
BRH:0
end_of_record
