TN:
SF:src\components\Results.tsx
FN:6,(anonymous_0)
FN:17,(anonymous_1)
FN:20,(anonymous_2)
FNF:3
FNH:2
FNDA:2,(anonymous_0)
FNDA:3,(anonymous_1)
FNDA:0,(anonymous_2)
DA:1,1
DA:3,1
DA:4,1
DA:6,1
DA:7,2
DA:8,2
DA:9,2
DA:12,2
DA:18,3
DA:20,0
LF:10
LH:9
BRDA:9,0,0,0
BRDA:9,0,1,2
BRDA:14,1,0,1
BRDA:14,1,1,1
BRF:4
BRH:3
end_of_record
TN:
SF:src\utils\Context.tsx
FN:8,(anonymous_0)
FN:11,(anonymous_1)
FNF:2
FNH:0
FNDA:0,(anonymous_0)
FNDA:0,(anonymous_1)
DA:1,1
DA:4,1
DA:10,1
LF:3
LH:3
BRF:0
BRH:0
end_of_record
